[backblue.gif]
[fade.gif]
[index.html]
[bracenet.net/assets/bracenet-adriatic-sea-gold-rose-beutel-800x641.jpg]
[localhost/feed/index.html]
[localhost/comments/feed/index.html]
[localhost/wp-includes/js/jquery/jqueryb8ff.js]
[localhost/index.html]
[localhost/xmlrpc.php]
[localhost/wp-content/themes/responsive/core/css/stylea237.css]
[localhost/wp-includes/js/jquery/jquery-migrate.min330a.js]
[localhost/wp-content/themes/responsive/core/js/responsive-modernizr.minc141.js]
[localhost/wp-content/themes/responsive/core/css/responsivea237.css]
[localhost/wp-includes/wlwmanifest.xml]
[localhost/wp-content/uploads/2018/04/Hindergrund.jpg]
[localhost/xmlrpc0db0.php]
[localhost/wp-json/index.html]
[localhost/wp-content/themes/responsive/core/css/font-awesome.min1849.css]
[localhost/wp-content/uploads/2018/04/platz_2_-bredemeier_sabina_0.jpg]
[localhost/wp-content/themes/responsive/core/js/responsive-scripts.min578f.js]
[healthyseas.org/assets/uploads/2014/01/HealthySeas_socks_new4_website-1160x983.jpg]
[localhost/wp-content/themes/responsive/core/js/jquery.placeholder.min5d0a.js]
[localhost/wp-includes/js/wp-embed.min55fe.js]
[localhost/wp-content/themes/responsive/core/images/ie7-fix.gif]
[localhost/plastik/index.html]
[localhost/wp-content/themes/responsive/images/testimonial_icon.png]
[localhost/wp-content/themes/responsive/images/testimonial_icon-other.png]
[localhost/weiteres/index.html]
[localhost/wp-content/themes/responsive/core/images/default-contact.jpg]
[refill-deutschland.de/wp-content/uploads/sites/2/2017/12/app-refill-station.jpg]
[localhost/wp-content/themes/responsive/core/images/select-icons.png]
[localhost/wp-content/themes/responsive/core/css/fonts/fontawesome-webfont3e6e.eot]
[localhost/wp-content/uploads/2018/05/quadrate-2-300x74.png]
[localhost/sammelaktion/index.html]
[localhost/wp-content/themes/responsive/core/css/fonts/fontawesome-webfontd41d.eot]
[localhost/wp-content/themes/responsive/core/css/fonts/fontawesome-webfont3e6e.woff]
[localhost/wp-content/themes/responsive/core/css/fonts/fontawesome-webfont3e6e.ttf]
[localhost/wp-content/uploads/2018/04/kunststoffe-plaste-02-300x57.png]
[localhost/wp-json/oembed/1.0/embedc46a]
[localhost/wp-json/oembed/1.0/embed8efd.json]
[localhost/wp-json/oembed/1.0/embed989f]
[localhost/wp-json/oembed/1.0/embedde44]
[localhost/wp-json/oembed/1.0/embed92a9.json]
[localhost/wp-content/uploads/2018/04/Polyadditiondoc-300x212.jpg]
[localhost/wp-content/uploads/2018/05/Graph-gesamt-300x211.jpg]
[localhost/wp-content/uploads/2018/04/Polymerisationdoc-1-300x286.jpg]
[localhost/wp-content/uploads/2018/04/Polykondensationdoc-300x212.jpg]
[localhost/wp-content/uploads/2018/05/stueckzahl-300x175.png]
[localhost/wp-content/uploads/2018/05/graph_fischernetzteile-300x172.jpg]
[localhost/wp-content/uploads/2018/05/graph_feuerwerkskappen-300x173.jpg]
[localhost/wp-json/oembed/1.0/embed9087]
[localhost/wp-content/uploads/2018/04/Karte-4-212x300.png]
[localhost/wp-json/oembed/1.0/embed4a7c.json]
[localhost/wp-json/oembed/1.0/embed1c16]
[localhost/wp-content/uploads/2018/05/Haufen-300x225.jpg]
[localhost/ergebnisse-2/index.html]
[localhost/ergebnisse/index.html]
[localhost/wp-content/uploads/2018/04/csm_Seekuh_3d_87523007a7-300x212.jpg]
[localhost/wp-content/uploads/2018/04/seabin11-300x279-300x279.png]
[localhost/wp-content/uploads/2018/04/DAD-CYPRUS-300x212-300x212.jpg]
[localhost/wp-json/oembed/1.0/embed5e38.json]
[localhost/wp-json/oembed/1.0/embed93c4]
[localhost/politik/index.html]
[localhost/interview/index.html]
[localhost/wp-json/oembed/1.0/embed0838.json]
[localhost/wp-json/oembed/1.0/embeddb0a]
[localhost/ueber-uns/index.html]
[localhost/wp-json/oembed/1.0/embed79c2.json]
[localhost/wp-content/themes/responsive/core/css/fonts/fontawesome-webfont3e6e.html]
[localhost/wp-json/oembed/1.0/embeddaf3]
[localhost/wp-json/oembed/1.0/embed4024.json]
[localhost/wp-json/oembed/1.0/embed869b]
[localhost/wp-content/themes/responsive/core/css/fonts/fontawesome-webfont3e6e.svg]
[localhost/indexe856.html]
[localhost/2018/03/index.html]
[localhost/index90b2.html]
[localhost/indexb8c4.html]
[localhost/index0ecd.html]
[localhost/wp-content/uploads/2018/05/GraphMüllberg-2-300x213.html]
[localhost/index8e1b.html]
[localhost/index5a24.html]
[localhost/index460d.html]
[localhost/indexe887.html]
[localhost/2018/03/31/beitrag-1/index.html]
[localhost/2018/03/31/beitrag-1/feed/index.html]
[localhost/author/pia/index.html]
[localhost/wp-json/oembed/1.0/embed0b41.json]
[localhost/wp-json/oembed/1.0/embed969b]
[localhost/wp-includes/js/comment-reply.min55fe.js]
[localhost/author/pia/feed/index.html]
[localhost/category/allgemein/index.html]
[localhost/indexc5eb.html]
[localhost/category/allgemein/feed/index.html]
